[1 - Suricata-Main] 2025-06-02 18:19:21 Notice: suricata: This is Suricata version 7.0.10 RELEASE running in SYSTEM mode
[1 - Suricata-Main] 2025-06-02 18:19:21 Info: cpu: CPUs/cores online: 4
[1 - Suricata-Main] 2025-06-02 18:19:21 Info: suricata: Setting engine mode to IDS mode by default
[1 - Suricata-Main] 2025-06-02 18:19:21 Info: app-layer-ftp: Parsed disabled for ftp protocol. Protocol detectionstill on.
[1 - Suricata-Main] 2025-06-02 18:19:21 Info: app-layer-smtp: Protocol detection and parser disabled for smtp protocol.
[1 - Suricata-Main] 2025-06-02 18:19:21 Error: host-os-info: Invalid enum map inside SCHInfoAddHostOSInfo()
[1 - Suricata-Main] 2025-06-02 18:19:21 Error: host-os-info: Invalid enum map inside
[1 - Suricata-Main] 2025-06-02 18:19:21 Error: host-os-info: Failed to add host "Linux" with policy "0" to host info database
[1 - Suricata-Main] 2025-06-02 18:19:22 Notice: suricata: This is Suricata version 7.0.10 RELEASE running in SYSTEM mode
[1 - Suricata-Main] 2025-06-02 18:19:22 Info: cpu: CPUs/cores online: 4
[1 - Suricata-Main] 2025-06-02 18:19:22 Info: suricata: Setting engine mode to IDS mode by default
[1 - Suricata-Main] 2025-06-02 18:19:22 Info: app-layer-ftp: Parsed disabled for ftp protocol. Protocol detectionstill on.
[1 - Suricata-Main] 2025-06-02 18:19:22 Info: app-layer-smtp: Protocol detection and parser disabled for smtp protocol.
[1 - Suricata-Main] 2025-06-02 18:19:22 Error: host-os-info: Invalid enum map inside SCHInfoAddHostOSInfo()
[1 - Suricata-Main] 2025-06-02 18:19:22 Error: host-os-info: Invalid enum map inside
[1 - Suricata-Main] 2025-06-02 18:19:22 Error: host-os-info: Failed to add host "Linux" with policy "0" to host info database
[1 - Suricata-Main] 2025-06-02 18:19:23 Notice: suricata: This is Suricata version 7.0.10 RELEASE running in SYSTEM mode
[1 - Suricata-Main] 2025-06-02 18:19:23 Info: cpu: CPUs/cores online: 4
[1 - Suricata-Main] 2025-06-02 18:19:23 Info: suricata: Setting engine mode to IDS mode by default
[1 - Suricata-Main] 2025-06-02 18:19:23 Info: app-layer-ftp: Parsed disabled for ftp protocol. Protocol detectionstill on.
[1 - Suricata-Main] 2025-06-02 18:19:23 Info: app-layer-smtp: Protocol detection and parser disabled for smtp protocol.
[1 - Suricata-Main] 2025-06-02 18:19:23 Error: host-os-info: Invalid enum map inside SCHInfoAddHostOSInfo()
[1 - Suricata-Main] 2025-06-02 18:19:23 Error: host-os-info: Invalid enum map inside
[1 - Suricata-Main] 2025-06-02 18:19:23 Error: host-os-info: Failed to add host "Linux" with policy "0" to host info database
[1 - Suricata-Main] 2025-06-02 18:19:24 Notice: suricata: This is Suricata version 7.0.10 RELEASE running in SYSTEM mode
[1 - Suricata-Main] 2025-06-02 18:19:24 Info: cpu: CPUs/cores online: 4
[1 - Suricata-Main] 2025-06-02 18:19:24 Info: suricata: Setting engine mode to IDS mode by default
[1 - Suricata-Main] 2025-06-02 18:19:24 Info: app-layer-ftp: Parsed disabled for ftp protocol. Protocol detectionstill on.
[1 - Suricata-Main] 2025-06-02 18:19:24 Info: app-layer-smtp: Protocol detection and parser disabled for smtp protocol.
[1 - Suricata-Main] 2025-06-02 18:19:24 Error: host-os-info: Invalid enum map inside SCHInfoAddHostOSInfo()
[1 - Suricata-Main] 2025-06-02 18:19:24 Error: host-os-info: Invalid enum map inside
[1 - Suricata-Main] 2025-06-02 18:19:24 Error: host-os-info: Failed to add host "Linux" with policy "0" to host info database
[1 - Suricata-Main] 2025-06-02 18:19:25 Notice: suricata: This is Suricata version 7.0.10 RELEASE running in SYSTEM mode
[1 - Suricata-Main] 2025-06-02 18:19:25 Info: cpu: CPUs/cores online: 4
[1 - Suricata-Main] 2025-06-02 18:19:25 Info: suricata: Setting engine mode to IDS mode by default
[1 - Suricata-Main] 2025-06-02 18:19:25 Info: app-layer-ftp: Parsed disabled for ftp protocol. Protocol detectionstill on.
[1 - Suricata-Main] 2025-06-02 18:19:25 Info: app-layer-smtp: Protocol detection and parser disabled for smtp protocol.
[1 - Suricata-Main] 2025-06-02 18:19:25 Error: host-os-info: Invalid enum map inside SCHInfoAddHostOSInfo()
[1 - Suricata-Main] 2025-06-02 18:19:25 Error: host-os-info: Invalid enum map inside
[1 - Suricata-Main] 2025-06-02 18:19:25 Error: host-os-info: Failed to add host "Linux" with policy "0" to host info database
[1 - Suricata-Main] 2025-06-02 18:19:27 Notice: suricata: This is Suricata version 7.0.10 RELEASE running in SYSTEM mode
[1 - Suricata-Main] 2025-06-02 18:19:27 Info: cpu: CPUs/cores online: 4
[1 - Suricata-Main] 2025-06-02 18:19:27 Info: suricata: Setting engine mode to IDS mode by default
[1 - Suricata-Main] 2025-06-02 18:19:27 Info: app-layer-ftp: Parsed disabled for ftp protocol. Protocol detectionstill on.
[1 - Suricata-Main] 2025-06-02 18:19:27 Info: app-layer-smtp: Protocol detection and parser disabled for smtp protocol.
[1 - Suricata-Main] 2025-06-02 18:19:27 Error: host-os-info: Invalid enum map inside SCHInfoAddHostOSInfo()
[1 - Suricata-Main] 2025-06-02 18:19:27 Error: host-os-info: Invalid enum map inside
[1 - Suricata-Main] 2025-06-02 18:19:27 Error: host-os-info: Failed to add host "Linux" with policy "0" to host info database
[1 - Suricata-Main] 2025-06-02 18:19:30 Notice: suricata: This is Suricata version 7.0.10 RELEASE running in SYSTEM mode
[1 - Suricata-Main] 2025-06-02 18:19:30 Info: cpu: CPUs/cores online: 4
[1 - Suricata-Main] 2025-06-02 18:19:30 Info: suricata: Setting engine mode to IDS mode by default
[1 - Suricata-Main] 2025-06-02 18:19:30 Info: app-layer-ftp: Parsed disabled for ftp protocol. Protocol detectionstill on.
[1 - Suricata-Main] 2025-06-02 18:19:30 Info: app-layer-smtp: Protocol detection and parser disabled for smtp protocol.
[1 - Suricata-Main] 2025-06-02 18:19:30 Error: host-os-info: Invalid enum map inside SCHInfoAddHostOSInfo()
[1 - Suricata-Main] 2025-06-02 18:19:30 Error: host-os-info: Invalid enum map inside
[1 - Suricata-Main] 2025-06-02 18:19:30 Error: host-os-info: Failed to add host "Linux" with policy "0" to host info database
[1 - Suricata-Main] 2025-06-02 18:19:37 Notice: suricata: This is Suricata version 7.0.10 RELEASE running in SYSTEM mode
[1 - Suricata-Main] 2025-06-02 18:19:37 Info: cpu: CPUs/cores online: 4
[1 - Suricata-Main] 2025-06-02 18:19:37 Info: suricata: Setting engine mode to IDS mode by default
[1 - Suricata-Main] 2025-06-02 18:19:37 Info: app-layer-ftp: Parsed disabled for ftp protocol. Protocol detectionstill on.
[1 - Suricata-Main] 2025-06-02 18:19:37 Info: app-layer-smtp: Protocol detection and parser disabled for smtp protocol.
[1 - Suricata-Main] 2025-06-02 18:19:37 Error: host-os-info: Invalid enum map inside SCHInfoAddHostOSInfo()
[1 - Suricata-Main] 2025-06-02 18:19:37 Error: host-os-info: Invalid enum map inside
[1 - Suricata-Main] 2025-06-02 18:19:37 Error: host-os-info: Failed to add host "Linux" with policy "0" to host info database
[1 - Suricata-Main] 2025-06-02 18:19:50 Notice: suricata: This is Suricata version 7.0.10 RELEASE running in SYSTEM mode
[1 - Suricata-Main] 2025-06-02 18:19:50 Info: cpu: CPUs/cores online: 4
[1 - Suricata-Main] 2025-06-02 18:19:50 Info: suricata: Setting engine mode to IDS mode by default
[1 - Suricata-Main] 2025-06-02 18:19:50 Info: app-layer-ftp: Parsed disabled for ftp protocol. Protocol detectionstill on.
[1 - Suricata-Main] 2025-06-02 18:19:50 Info: app-layer-smtp: Protocol detection and parser disabled for smtp protocol.
[1 - Suricata-Main] 2025-06-02 18:19:50 Error: host-os-info: Invalid enum map inside SCHInfoAddHostOSInfo()
[1 - Suricata-Main] 2025-06-02 18:19:50 Error: host-os-info: Invalid enum map inside
[1 - Suricata-Main] 2025-06-02 18:19:50 Error: host-os-info: Failed to add host "Linux" with policy "0" to host info database
[1 - Suricata-Main] 2025-06-02 18:20:16 Notice: suricata: This is Suricata version 7.0.10 RELEASE running in SYSTEM mode
[1 - Suricata-Main] 2025-06-02 18:20:16 Info: cpu: CPUs/cores online: 4
[1 - Suricata-Main] 2025-06-02 18:20:16 Info: suricata: Setting engine mode to IDS mode by default
[1 - Suricata-Main] 2025-06-02 18:20:16 Info: app-layer-ftp: Parsed disabled for ftp protocol. Protocol detectionstill on.
[1 - Suricata-Main] 2025-06-02 18:20:16 Info: app-layer-smtp: Protocol detection and parser disabled for smtp protocol.
[1 - Suricata-Main] 2025-06-02 18:20:16 Error: host-os-info: Invalid enum map inside SCHInfoAddHostOSInfo()
[1 - Suricata-Main] 2025-06-02 18:20:16 Error: host-os-info: Invalid enum map inside
[1 - Suricata-Main] 2025-06-02 18:20:16 Error: host-os-info: Failed to add host "Linux" with policy "0" to host info database
[1 - Suricata-Main] 2025-06-02 18:21:08 Notice: suricata: This is Suricata version 7.0.10 RELEASE running in SYSTEM mode
[1 - Suricata-Main] 2025-06-02 18:21:08 Info: cpu: CPUs/cores online: 4
[1 - Suricata-Main] 2025-06-02 18:21:08 Info: suricata: Setting engine mode to IDS mode by default
[1 - Suricata-Main] 2025-06-02 18:21:08 Info: app-layer-ftp: Parsed disabled for ftp protocol. Protocol detectionstill on.
[1 - Suricata-Main] 2025-06-02 18:21:08 Info: app-layer-smtp: Protocol detection and parser disabled for smtp protocol.
[1 - Suricata-Main] 2025-06-02 18:21:08 Error: host-os-info: Invalid enum map inside SCHInfoAddHostOSInfo()
[1 - Suricata-Main] 2025-06-02 18:21:08 Error: host-os-info: Invalid enum map inside
[1 - Suricata-Main] 2025-06-02 18:21:08 Error: host-os-info: Failed to add host "Linux" with policy "0" to host info database
[1 - Suricata-Main] 2025-06-02 18:22:08 Notice: suricata: This is Suricata version 7.0.10 RELEASE running in SYSTEM mode
[1 - Suricata-Main] 2025-06-02 18:22:08 Info: cpu: CPUs/cores online: 4
[1 - Suricata-Main] 2025-06-02 18:22:08 Info: suricata: Setting engine mode to IDS mode by default
[1 - Suricata-Main] 2025-06-02 18:22:08 Info: app-layer-ftp: Parsed disabled for ftp protocol. Protocol detectionstill on.
[1 - Suricata-Main] 2025-06-02 18:22:08 Info: app-layer-smtp: Protocol detection and parser disabled for smtp protocol.
[1 - Suricata-Main] 2025-06-02 18:22:08 Error: detect:  failed to parse port "yes"
[1 - Suricata-Main] 2025-06-02 18:22:08 Error: detect: failed to parse port var "SHELLCODE_PORTS_MATCHED" with value "yes". Please check its syntax
[1 - Suricata-Main] 2025-06-02 18:22:08 Error: suricata: basic port vars test failed. Please check /etc/suricata/suricata.yaml for errors
[1 - Suricata-Main] 2025-06-02 18:22:42 Notice: suricata: This is Suricata version 7.0.10 RELEASE running in SYSTEM mode
[1 - Suricata-Main] 2025-06-02 18:22:42 Info: cpu: CPUs/cores online: 4
[1 - Suricata-Main] 2025-06-02 18:22:42 Info: suricata: Setting engine mode to IDS mode by default
[1 - Suricata-Main] 2025-06-02 18:22:42 Info: app-layer-ftp: Parsed disabled for ftp protocol. Protocol detectionstill on.
[1 - Suricata-Main] 2025-06-02 18:22:42 Info: app-layer-smtp: Protocol detection and parser disabled for smtp protocol.
[1 - Suricata-Main] 2025-06-02 18:22:42 Error: detect:  failed to parse port "yes"
[1 - Suricata-Main] 2025-06-02 18:22:42 Error: detect: failed to parse port var "SHELLCODE_PORTS_MATCHED" with value "yes". Please check its syntax
[1 - Suricata-Main] 2025-06-02 18:22:42 Error: suricata: basic port vars test failed. Please check /etc/suricata/suricata.yaml for errors
[1 - Suricata-Main] 2025-06-02 18:22:43 Notice: suricata: This is Suricata version 7.0.10 RELEASE running in SYSTEM mode
[1 - Suricata-Main] 2025-06-02 18:22:43 Info: cpu: CPUs/cores online: 4
[1 - Suricata-Main] 2025-06-02 18:22:43 Info: suricata: Setting engine mode to IDS mode by default
[1 - Suricata-Main] 2025-06-02 18:22:43 Info: app-layer-ftp: Parsed disabled for ftp protocol. Protocol detectionstill on.
[1 - Suricata-Main] 2025-06-02 18:22:43 Info: app-layer-smtp: Protocol detection and parser disabled for smtp protocol.
[1 - Suricata-Main] 2025-06-02 18:22:43 Error: detect:  failed to parse port "yes"
[1 - Suricata-Main] 2025-06-02 18:22:43 Error: detect: failed to parse port var "SHELLCODE_PORTS_MATCHED" with value "yes". Please check its syntax
[1 - Suricata-Main] 2025-06-02 18:22:43 Error: suricata: basic port vars test failed. Please check /etc/suricata/suricata.yaml for errors
[1 - Suricata-Main] 2025-06-02 18:22:44 Notice: suricata: This is Suricata version 7.0.10 RELEASE running in SYSTEM mode
[1 - Suricata-Main] 2025-06-02 18:22:44 Info: cpu: CPUs/cores online: 4
[1 - Suricata-Main] 2025-06-02 18:22:44 Info: suricata: Setting engine mode to IDS mode by default
[1 - Suricata-Main] 2025-06-02 18:22:44 Info: app-layer-ftp: Parsed disabled for ftp protocol. Protocol detectionstill on.
[1 - Suricata-Main] 2025-06-02 18:22:44 Info: app-layer-smtp: Protocol detection and parser disabled for smtp protocol.
[1 - Suricata-Main] 2025-06-02 18:22:44 Error: detect:  failed to parse port "yes"
[1 - Suricata-Main] 2025-06-02 18:22:44 Error: detect: failed to parse port var "SHELLCODE_PORTS_MATCHED" with value "yes". Please check its syntax
[1 - Suricata-Main] 2025-06-02 18:22:44 Error: suricata: basic port vars test failed. Please check /etc/suricata/suricata.yaml for errors
[1 - Suricata-Main] 2025-06-02 18:22:44 Notice: suricata: This is Suricata version 7.0.10 RELEASE running in SYSTEM mode
[1 - Suricata-Main] 2025-06-02 18:22:44 Info: cpu: CPUs/cores online: 4
[1 - Suricata-Main] 2025-06-02 18:22:44 Info: suricata: Setting engine mode to IDS mode by default
[1 - Suricata-Main] 2025-06-02 18:22:44 Info: app-layer-ftp: Parsed disabled for ftp protocol. Protocol detectionstill on.
[1 - Suricata-Main] 2025-06-02 18:22:44 Info: app-layer-smtp: Protocol detection and parser disabled for smtp protocol.
[1 - Suricata-Main] 2025-06-02 18:22:45 Error: detect:  failed to parse port "yes"
[1 - Suricata-Main] 2025-06-02 18:22:45 Error: detect: failed to parse port var "SHELLCODE_PORTS_MATCHED" with value "yes". Please check its syntax
[1 - Suricata-Main] 2025-06-02 18:22:45 Error: suricata: basic port vars test failed. Please check /etc/suricata/suricata.yaml for errors
[1 - Suricata-Main] 2025-06-02 18:22:46 Notice: suricata: This is Suricata version 7.0.10 RELEASE running in SYSTEM mode
[1 - Suricata-Main] 2025-06-02 18:22:46 Info: cpu: CPUs/cores online: 4
[1 - Suricata-Main] 2025-06-02 18:22:46 Info: suricata: Setting engine mode to IDS mode by default
[1 - Suricata-Main] 2025-06-02 18:22:46 Info: app-layer-ftp: Parsed disabled for ftp protocol. Protocol detectionstill on.
[1 - Suricata-Main] 2025-06-02 18:22:46 Info: app-layer-smtp: Protocol detection and parser disabled for smtp protocol.
[1 - Suricata-Main] 2025-06-02 18:22:46 Error: detect:  failed to parse port "yes"
[1 - Suricata-Main] 2025-06-02 18:22:46 Error: detect: failed to parse port var "SHELLCODE_PORTS_MATCHED" with value "yes". Please check its syntax
[1 - Suricata-Main] 2025-06-02 18:22:46 Error: suricata: basic port vars test failed. Please check /etc/suricata/suricata.yaml for errors
[1 - Suricata-Main] 2025-06-02 18:22:48 Notice: suricata: This is Suricata version 7.0.10 RELEASE running in SYSTEM mode
[1 - Suricata-Main] 2025-06-02 18:22:48 Info: cpu: CPUs/cores online: 4
[1 - Suricata-Main] 2025-06-02 18:22:48 Info: suricata: Setting engine mode to IDS mode by default
[1 - Suricata-Main] 2025-06-02 18:22:48 Info: app-layer-ftp: Parsed disabled for ftp protocol. Protocol detectionstill on.
[1 - Suricata-Main] 2025-06-02 18:22:48 Info: app-layer-smtp: Protocol detection and parser disabled for smtp protocol.
[1 - Suricata-Main] 2025-06-02 18:22:48 Error: detect:  failed to parse port "yes"
[1 - Suricata-Main] 2025-06-02 18:22:48 Error: detect: failed to parse port var "SHELLCODE_PORTS_MATCHED" with value "yes". Please check its syntax
[1 - Suricata-Main] 2025-06-02 18:22:48 Error: suricata: basic port vars test failed. Please check /etc/suricata/suricata.yaml for errors
[1 - Suricata-Main] 2025-06-02 18:22:51 Notice: suricata: This is Suricata version 7.0.10 RELEASE running in SYSTEM mode
[1 - Suricata-Main] 2025-06-02 18:22:51 Info: cpu: CPUs/cores online: 4
[1 - Suricata-Main] 2025-06-02 18:22:51 Info: suricata: Setting engine mode to IDS mode by default
[1 - Suricata-Main] 2025-06-02 18:22:51 Info: app-layer-ftp: Parsed disabled for ftp protocol. Protocol detectionstill on.
[1 - Suricata-Main] 2025-06-02 18:22:51 Info: app-layer-smtp: Protocol detection and parser disabled for smtp protocol.
[1 - Suricata-Main] 2025-06-02 18:22:51 Error: detect:  failed to parse port "yes"
[1 - Suricata-Main] 2025-06-02 18:22:51 Error: detect: failed to parse port var "SHELLCODE_PORTS_MATCHED" with value "yes". Please check its syntax
[1 - Suricata-Main] 2025-06-02 18:22:51 Error: suricata: basic port vars test failed. Please check /etc/suricata/suricata.yaml for errors
[1 - Suricata-Main] 2025-06-02 18:22:58 Notice: suricata: This is Suricata version 7.0.10 RELEASE running in SYSTEM mode
[1 - Suricata-Main] 2025-06-02 18:22:58 Info: cpu: CPUs/cores online: 4
[1 - Suricata-Main] 2025-06-02 18:22:58 Info: suricata: Setting engine mode to IDS mode by default
[1 - Suricata-Main] 2025-06-02 18:22:58 Info: app-layer-ftp: Parsed disabled for ftp protocol. Protocol detectionstill on.
[1 - Suricata-Main] 2025-06-02 18:22:58 Info: app-layer-smtp: Protocol detection and parser disabled for smtp protocol.
[1 - Suricata-Main] 2025-06-02 18:22:58 Error: detect:  failed to parse port "yes"
[1 - Suricata-Main] 2025-06-02 18:22:58 Error: detect: failed to parse port var "SHELLCODE_PORTS_MATCHED" with value "yes". Please check its syntax
[1 - Suricata-Main] 2025-06-02 18:22:58 Error: suricata: basic port vars test failed. Please check /etc/suricata/suricata.yaml for errors
[1 - Suricata-Main] 2025-06-02 18:23:11 Notice: suricata: This is Suricata version 7.0.10 RELEASE running in SYSTEM mode
[1 - Suricata-Main] 2025-06-02 18:23:11 Info: cpu: CPUs/cores online: 4
[1 - Suricata-Main] 2025-06-02 18:23:11 Info: suricata: Setting engine mode to IDS mode by default
[1 - Suricata-Main] 2025-06-02 18:23:11 Info: app-layer-ftp: Parsed disabled for ftp protocol. Protocol detectionstill on.
[1 - Suricata-Main] 2025-06-02 18:23:11 Info: app-layer-smtp: Protocol detection and parser disabled for smtp protocol.
[1 - Suricata-Main] 2025-06-02 18:23:11 Info: suricata: No 'host-mode': suricata is in IDS mode, using default setting 'sniffer-only'
[1 - Suricata-Main] 2025-06-02 18:23:11 Warning: counters: global stats config is missing. Stats enabled through legacy stats.log. See https://docs.suricata.io/en/suricata-7.0.10/configuration/suricata-yaml.html#stats
[1 - Suricata-Main] 2025-06-02 18:23:11 Info: logopenfile: eve-log output device (regular) initialized: /var/log/suricata/eve.json
[1 - Suricata-Main] 2025-06-02 18:23:11 Info: logopenfile: stats output device (regular) initialized: /var/log/suricata/stats.log
[1 - Suricata-Main] 2025-06-02 18:23:11 Error: detect-content: '\' has to be escaped
[1 - Suricata-Main] 2025-06-02 18:23:11 Error: detect: error parsing signature "alert tcp any any -> $HOME_NET 445 (msg:"[SECNET] SMB Enumeration Attempt";     flow:to_server,established;     content:"\x00\x00\x00\x00"; depth:4;     sid:1000003; rev:1; classtype:attempted-admin; priority:2;)" from file /etc/suricata/rules/local.rules at line 17
[1 - Suricata-Main] 2025-06-02 18:23:11 Error: detect-parse: rule 1000004 setup buffer dns_query but didn't add matches to it
[1 - Suricata-Main] 2025-06-02 18:23:11 Error: detect: error parsing signature "alert udp any any -> $HOME_NET 53 (msg:"[SECNET] High DNS Query Volume";     dns.query; threshold:type threshold, track by_src, count 50, seconds 60;     sid:1000004; rev:1; classtype:trojan-activity; priority:1;)" from file /etc/suricata/rules/local.rules at line 23
[1 - Suricata-Main] 2025-06-02 18:23:11 Error: detect-parse: unknown rule keyword 'tls.cipher_suite'.
[1 - Suricata-Main] 2025-06-02 18:23:11 Error: detect: error parsing signature "alert tls any any -> $HOME_NET any (msg:"[SECNET] SSL/TLS Cipher Suite Downgrade Attempt";     tls.cipher_suite:0x0000;     sid:1000005; rev:1; classtype:attempted-admin; priority:2;)" from file /etc/suricata/rules/local.rules at line 28
[1 - Suricata-Main] 2025-06-02 18:23:11 Info: detect: 1 rule files processed. 7 rules successfully loaded, 3 rules failed, 0
[1 - Suricata-Main] 2025-06-02 18:23:11 Info: threshold-config: Threshold config parsed: 0 rule(s) found
[1 - Suricata-Main] 2025-06-02 18:23:11 Info: detect: 7 signatures processed. 1 are IP-only rules, 0 are inspecting packet payload, 0 inspect application layer, 0 are decoder event only
[1 - Suricata-Main] 2025-06-02 18:23:11 Error: runmodes: The custom type "IDS" doesn't exist for this runmode type "AF_PACKET_DEV".  Please use --list-runmodes to see available custom types for this runmode
[1 - Suricata-Main] 2025-06-02 18:23:19 Notice: suricata: This is Suricata version 7.0.10 RELEASE running in SYSTEM mode
[1 - Suricata-Main] 2025-06-02 18:23:19 Info: cpu: CPUs/cores online: 4
[1 - Suricata-Main] 2025-06-02 18:23:19 Info: suricata: Setting engine mode to IDS mode by default
[1 - Suricata-Main] 2025-06-02 18:23:19 Info: app-layer-ftp: Parsed disabled for ftp protocol. Protocol detectionstill on.
[1 - Suricata-Main] 2025-06-02 18:23:19 Info: app-layer-smtp: Protocol detection and parser disabled for smtp protocol.
[1 - Suricata-Main] 2025-06-02 18:23:19 Info: suricata: No 'host-mode': suricata is in IDS mode, using default setting 'sniffer-only'
[1 - Suricata-Main] 2025-06-02 18:23:19 Warning: counters: global stats config is missing. Stats enabled through legacy stats.log. See https://docs.suricata.io/en/suricata-7.0.10/configuration/suricata-yaml.html#stats
[1 - Suricata-Main] 2025-06-02 18:23:19 Info: logopenfile: eve-log output device (regular) initialized: /var/log/suricata/eve.json
[1 - Suricata-Main] 2025-06-02 18:23:19 Info: logopenfile: stats output device (regular) initialized: /var/log/suricata/stats.log
[1 - Suricata-Main] 2025-06-02 18:23:19 Error: detect-content: '\' has to be escaped
[1 - Suricata-Main] 2025-06-02 18:23:19 Error: detect: error parsing signature "alert tcp any any -> $HOME_NET 445 (msg:"[SECNET] SMB Enumeration Attempt";     flow:to_server,established;     content:"\x00\x00\x00\x00"; depth:4;     sid:1000003; rev:1; classtype:attempted-admin; priority:2;)" from file /etc/suricata/rules/local.rules at line 17
[1 - Suricata-Main] 2025-06-02 18:23:19 Error: detect-parse: rule 1000004 setup buffer dns_query but didn't add matches to it
[1 - Suricata-Main] 2025-06-02 18:23:19 Error: detect: error parsing signature "alert udp any any -> $HOME_NET 53 (msg:"[SECNET] High DNS Query Volume";     dns.query; threshold:type threshold, track by_src, count 50, seconds 60;     sid:1000004; rev:1; classtype:trojan-activity; priority:1;)" from file /etc/suricata/rules/local.rules at line 23
[1 - Suricata-Main] 2025-06-02 18:23:19 Error: detect-parse: unknown rule keyword 'tls.cipher_suite'.
[1 - Suricata-Main] 2025-06-02 18:23:19 Error: detect: error parsing signature "alert tls any any -> $HOME_NET any (msg:"[SECNET] SSL/TLS Cipher Suite Downgrade Attempt";     tls.cipher_suite:0x0000;     sid:1000005; rev:1; classtype:attempted-admin; priority:2;)" from file /etc/suricata/rules/local.rules at line 28
[1 - Suricata-Main] 2025-06-02 18:23:19 Info: detect: 1 rule files processed. 7 rules successfully loaded, 3 rules failed, 0
[1 - Suricata-Main] 2025-06-02 18:23:19 Info: threshold-config: Threshold config parsed: 0 rule(s) found
[1 - Suricata-Main] 2025-06-02 18:23:19 Info: detect: 7 signatures processed. 1 are IP-only rules, 0 are inspecting packet payload, 0 inspect application layer, 0 are decoder event only
[1 - Suricata-Main] 2025-06-02 18:23:19 Error: runmodes: The custom type "IDS" doesn't exist for this runmode type "AF_PACKET_DEV".  Please use --list-runmodes to see available custom types for this runmode
[1 - Suricata-Main] 2025-06-02 18:23:20 Notice: suricata: This is Suricata version 7.0.10 RELEASE running in SYSTEM mode
[1 - Suricata-Main] 2025-06-02 18:23:20 Info: cpu: CPUs/cores online: 4
[1 - Suricata-Main] 2025-06-02 18:23:20 Info: suricata: Setting engine mode to IDS mode by default
[1 - Suricata-Main] 2025-06-02 18:23:20 Info: app-layer-ftp: Parsed disabled for ftp protocol. Protocol detectionstill on.
[1 - Suricata-Main] 2025-06-02 18:23:20 Info: app-layer-smtp: Protocol detection and parser disabled for smtp protocol.
[1 - Suricata-Main] 2025-06-02 18:23:20 Info: suricata: No 'host-mode': suricata is in IDS mode, using default setting 'sniffer-only'
[1 - Suricata-Main] 2025-06-02 18:23:20 Warning: counters: global stats config is missing. Stats enabled through legacy stats.log. See https://docs.suricata.io/en/suricata-7.0.10/configuration/suricata-yaml.html#stats
[1 - Suricata-Main] 2025-06-02 18:23:20 Info: logopenfile: eve-log output device (regular) initialized: /var/log/suricata/eve.json
[1 - Suricata-Main] 2025-06-02 18:23:20 Info: logopenfile: stats output device (regular) initialized: /var/log/suricata/stats.log
[1 - Suricata-Main] 2025-06-02 18:23:20 Error: detect-content: '\' has to be escaped
[1 - Suricata-Main] 2025-06-02 18:23:20 Error: detect: error parsing signature "alert tcp any any -> $HOME_NET 445 (msg:"[SECNET] SMB Enumeration Attempt";     flow:to_server,established;     content:"\x00\x00\x00\x00"; depth:4;     sid:1000003; rev:1; classtype:attempted-admin; priority:2;)" from file /etc/suricata/rules/local.rules at line 17
[1 - Suricata-Main] 2025-06-02 18:23:20 Error: detect-parse: rule 1000004 setup buffer dns_query but didn't add matches to it
[1 - Suricata-Main] 2025-06-02 18:23:20 Error: detect: error parsing signature "alert udp any any -> $HOME_NET 53 (msg:"[SECNET] High DNS Query Volume";     dns.query; threshold:type threshold, track by_src, count 50, seconds 60;     sid:1000004; rev:1; classtype:trojan-activity; priority:1;)" from file /etc/suricata/rules/local.rules at line 23
[1 - Suricata-Main] 2025-06-02 18:23:20 Error: detect-parse: unknown rule keyword 'tls.cipher_suite'.
[1 - Suricata-Main] 2025-06-02 18:23:20 Error: detect: error parsing signature "alert tls any any -> $HOME_NET any (msg:"[SECNET] SSL/TLS Cipher Suite Downgrade Attempt";     tls.cipher_suite:0x0000;     sid:1000005; rev:1; classtype:attempted-admin; priority:2;)" from file /etc/suricata/rules/local.rules at line 28
[1 - Suricata-Main] 2025-06-02 18:23:20 Info: detect: 1 rule files processed. 7 rules successfully loaded, 3 rules failed, 0
[1 - Suricata-Main] 2025-06-02 18:23:20 Info: threshold-config: Threshold config parsed: 0 rule(s) found
[1 - Suricata-Main] 2025-06-02 18:23:20 Info: detect: 7 signatures processed. 1 are IP-only rules, 0 are inspecting packet payload, 0 inspect application layer, 0 are decoder event only
[1 - Suricata-Main] 2025-06-02 18:23:20 Error: runmodes: The custom type "IDS" doesn't exist for this runmode type "AF_PACKET_DEV".  Please use --list-runmodes to see available custom types for this runmode
[1 - Suricata-Main] 2025-06-02 18:23:21 Notice: suricata: This is Suricata version 7.0.10 RELEASE running in SYSTEM mode
[1 - Suricata-Main] 2025-06-02 18:23:21 Info: cpu: CPUs/cores online: 4
[1 - Suricata-Main] 2025-06-02 18:23:21 Info: suricata: Setting engine mode to IDS mode by default
[1 - Suricata-Main] 2025-06-02 18:23:21 Info: app-layer-ftp: Parsed disabled for ftp protocol. Protocol detectionstill on.
[1 - Suricata-Main] 2025-06-02 18:23:21 Info: app-layer-smtp: Protocol detection and parser disabled for smtp protocol.
[1 - Suricata-Main] 2025-06-02 18:23:21 Info: suricata: No 'host-mode': suricata is in IDS mode, using default setting 'sniffer-only'
[1 - Suricata-Main] 2025-06-02 18:23:21 Warning: counters: global stats config is missing. Stats enabled through legacy stats.log. See https://docs.suricata.io/en/suricata-7.0.10/configuration/suricata-yaml.html#stats
[1 - Suricata-Main] 2025-06-02 18:23:21 Info: logopenfile: eve-log output device (regular) initialized: /var/log/suricata/eve.json
[1 - Suricata-Main] 2025-06-02 18:23:21 Info: logopenfile: stats output device (regular) initialized: /var/log/suricata/stats.log
[1 - Suricata-Main] 2025-06-02 18:23:21 Error: detect-content: '\' has to be escaped
[1 - Suricata-Main] 2025-06-02 18:23:21 Error: detect: error parsing signature "alert tcp any any -> $HOME_NET 445 (msg:"[SECNET] SMB Enumeration Attempt";     flow:to_server,established;     content:"\x00\x00\x00\x00"; depth:4;     sid:1000003; rev:1; classtype:attempted-admin; priority:2;)" from file /etc/suricata/rules/local.rules at line 17
[1 - Suricata-Main] 2025-06-02 18:23:21 Error: detect-parse: rule 1000004 setup buffer dns_query but didn't add matches to it
[1 - Suricata-Main] 2025-06-02 18:23:21 Error: detect: error parsing signature "alert udp any any -> $HOME_NET 53 (msg:"[SECNET] High DNS Query Volume";     dns.query; threshold:type threshold, track by_src, count 50, seconds 60;     sid:1000004; rev:1; classtype:trojan-activity; priority:1;)" from file /etc/suricata/rules/local.rules at line 23
[1 - Suricata-Main] 2025-06-02 18:23:21 Error: detect-parse: unknown rule keyword 'tls.cipher_suite'.
[1 - Suricata-Main] 2025-06-02 18:23:21 Error: detect: error parsing signature "alert tls any any -> $HOME_NET any (msg:"[SECNET] SSL/TLS Cipher Suite Downgrade Attempt";     tls.cipher_suite:0x0000;     sid:1000005; rev:1; classtype:attempted-admin; priority:2;)" from file /etc/suricata/rules/local.rules at line 28
[1 - Suricata-Main] 2025-06-02 18:23:21 Info: detect: 1 rule files processed. 7 rules successfully loaded, 3 rules failed, 0
[1 - Suricata-Main] 2025-06-02 18:23:21 Info: threshold-config: Threshold config parsed: 0 rule(s) found
[1 - Suricata-Main] 2025-06-02 18:23:21 Info: detect: 7 signatures processed. 1 are IP-only rules, 0 are inspecting packet payload, 0 inspect application layer, 0 are decoder event only
[1 - Suricata-Main] 2025-06-02 18:23:21 Error: runmodes: The custom type "IDS" doesn't exist for this runmode type "AF_PACKET_DEV".  Please use --list-runmodes to see available custom types for this runmode
[1 - Suricata-Main] 2025-06-02 18:23:21 Notice: suricata: This is Suricata version 7.0.10 RELEASE running in SYSTEM mode
[1 - Suricata-Main] 2025-06-02 18:23:21 Info: cpu: CPUs/cores online: 4
[1 - Suricata-Main] 2025-06-02 18:23:21 Info: suricata: Setting engine mode to IDS mode by default
[1 - Suricata-Main] 2025-06-02 18:23:22 Info: app-layer-ftp: Parsed disabled for ftp protocol. Protocol detectionstill on.
[1 - Suricata-Main] 2025-06-02 18:23:22 Info: app-layer-smtp: Protocol detection and parser disabled for smtp protocol.
[1 - Suricata-Main] 2025-06-02 18:23:22 Info: suricata: No 'host-mode': suricata is in IDS mode, using default setting 'sniffer-only'
[1 - Suricata-Main] 2025-06-02 18:23:22 Warning: counters: global stats config is missing. Stats enabled through legacy stats.log. See https://docs.suricata.io/en/suricata-7.0.10/configuration/suricata-yaml.html#stats
[1 - Suricata-Main] 2025-06-02 18:23:22 Info: logopenfile: eve-log output device (regular) initialized: /var/log/suricata/eve.json
[1 - Suricata-Main] 2025-06-02 18:23:22 Info: logopenfile: stats output device (regular) initialized: /var/log/suricata/stats.log
[1 - Suricata-Main] 2025-06-02 18:23:22 Error: detect-content: '\' has to be escaped
[1 - Suricata-Main] 2025-06-02 18:23:22 Error: detect: error parsing signature "alert tcp any any -> $HOME_NET 445 (msg:"[SECNET] SMB Enumeration Attempt";     flow:to_server,established;     content:"\x00\x00\x00\x00"; depth:4;     sid:1000003; rev:1; classtype:attempted-admin; priority:2;)" from file /etc/suricata/rules/local.rules at line 17
[1 - Suricata-Main] 2025-06-02 18:23:22 Error: detect-parse: rule 1000004 setup buffer dns_query but didn't add matches to it
[1 - Suricata-Main] 2025-06-02 18:23:22 Error: detect: error parsing signature "alert udp any any -> $HOME_NET 53 (msg:"[SECNET] High DNS Query Volume";     dns.query; threshold:type threshold, track by_src, count 50, seconds 60;     sid:1000004; rev:1; classtype:trojan-activity; priority:1;)" from file /etc/suricata/rules/local.rules at line 23
[1 - Suricata-Main] 2025-06-02 18:23:22 Error: detect-parse: unknown rule keyword 'tls.cipher_suite'.
[1 - Suricata-Main] 2025-06-02 18:23:22 Error: detect: error parsing signature "alert tls any any -> $HOME_NET any (msg:"[SECNET] SSL/TLS Cipher Suite Downgrade Attempt";     tls.cipher_suite:0x0000;     sid:1000005; rev:1; classtype:attempted-admin; priority:2;)" from file /etc/suricata/rules/local.rules at line 28
[1 - Suricata-Main] 2025-06-02 18:23:22 Info: detect: 1 rule files processed. 7 rules successfully loaded, 3 rules failed, 0
[1 - Suricata-Main] 2025-06-02 18:23:22 Info: threshold-config: Threshold config parsed: 0 rule(s) found
[1 - Suricata-Main] 2025-06-02 18:23:22 Info: detect: 7 signatures processed. 1 are IP-only rules, 0 are inspecting packet payload, 0 inspect application layer, 0 are decoder event only
[1 - Suricata-Main] 2025-06-02 18:23:22 Error: runmodes: The custom type "IDS" doesn't exist for this runmode type "AF_PACKET_DEV".  Please use --list-runmodes to see available custom types for this runmode
[1 - Suricata-Main] 2025-06-02 18:23:23 Notice: suricata: This is Suricata version 7.0.10 RELEASE running in SYSTEM mode
[1 - Suricata-Main] 2025-06-02 18:23:23 Info: cpu: CPUs/cores online: 4
[1 - Suricata-Main] 2025-06-02 18:23:23 Info: suricata: Setting engine mode to IDS mode by default
[1 - Suricata-Main] 2025-06-02 18:23:23 Info: app-layer-ftp: Parsed disabled for ftp protocol. Protocol detectionstill on.
[1 - Suricata-Main] 2025-06-02 18:23:23 Info: app-layer-smtp: Protocol detection and parser disabled for smtp protocol.
[1 - Suricata-Main] 2025-06-02 18:23:23 Info: suricata: No 'host-mode': suricata is in IDS mode, using default setting 'sniffer-only'
[1 - Suricata-Main] 2025-06-02 18:23:23 Warning: counters: global stats config is missing. Stats enabled through legacy stats.log. See https://docs.suricata.io/en/suricata-7.0.10/configuration/suricata-yaml.html#stats
[1 - Suricata-Main] 2025-06-02 18:23:23 Info: logopenfile: eve-log output device (regular) initialized: /var/log/suricata/eve.json
[1 - Suricata-Main] 2025-06-02 18:23:23 Info: logopenfile: stats output device (regular) initialized: /var/log/suricata/stats.log
[1 - Suricata-Main] 2025-06-02 18:23:23 Error: detect-content: '\' has to be escaped
[1 - Suricata-Main] 2025-06-02 18:23:23 Error: detect: error parsing signature "alert tcp any any -> $HOME_NET 445 (msg:"[SECNET] SMB Enumeration Attempt";     flow:to_server,established;     content:"\x00\x00\x00\x00"; depth:4;     sid:1000003; rev:1; classtype:attempted-admin; priority:2;)" from file /etc/suricata/rules/local.rules at line 17
[1 - Suricata-Main] 2025-06-02 18:23:23 Error: detect-parse: rule 1000004 setup buffer dns_query but didn't add matches to it
[1 - Suricata-Main] 2025-06-02 18:23:23 Error: detect: error parsing signature "alert udp any any -> $HOME_NET 53 (msg:"[SECNET] High DNS Query Volume";     dns.query; threshold:type threshold, track by_src, count 50, seconds 60;     sid:1000004; rev:1; classtype:trojan-activity; priority:1;)" from file /etc/suricata/rules/local.rules at line 23
[1 - Suricata-Main] 2025-06-02 18:23:23 Error: detect-parse: unknown rule keyword 'tls.cipher_suite'.
[1 - Suricata-Main] 2025-06-02 18:23:23 Error: detect: error parsing signature "alert tls any any -> $HOME_NET any (msg:"[SECNET] SSL/TLS Cipher Suite Downgrade Attempt";     tls.cipher_suite:0x0000;     sid:1000005; rev:1; classtype:attempted-admin; priority:2;)" from file /etc/suricata/rules/local.rules at line 28
[1 - Suricata-Main] 2025-06-02 18:23:23 Info: detect: 1 rule files processed. 7 rules successfully loaded, 3 rules failed, 0
[1 - Suricata-Main] 2025-06-02 18:23:23 Info: threshold-config: Threshold config parsed: 0 rule(s) found
[1 - Suricata-Main] 2025-06-02 18:23:23 Info: detect: 7 signatures processed. 1 are IP-only rules, 0 are inspecting packet payload, 0 inspect application layer, 0 are decoder event only
[1 - Suricata-Main] 2025-06-02 18:23:23 Error: runmodes: The custom type "IDS" doesn't exist for this runmode type "AF_PACKET_DEV".  Please use --list-runmodes to see available custom types for this runmode
[1 - Suricata-Main] 2025-06-02 18:23:25 Notice: suricata: This is Suricata version 7.0.10 RELEASE running in SYSTEM mode
[1 - Suricata-Main] 2025-06-02 18:23:25 Info: cpu: CPUs/cores online: 4
[1 - Suricata-Main] 2025-06-02 18:23:25 Info: suricata: Setting engine mode to IDS mode by default
[1 - Suricata-Main] 2025-06-02 18:23:25 Info: app-layer-ftp: Parsed disabled for ftp protocol. Protocol detectionstill on.
[1 - Suricata-Main] 2025-06-02 18:23:25 Info: app-layer-smtp: Protocol detection and parser disabled for smtp protocol.
[1 - Suricata-Main] 2025-06-02 18:23:25 Info: suricata: No 'host-mode': suricata is in IDS mode, using default setting 'sniffer-only'
[1 - Suricata-Main] 2025-06-02 18:23:25 Warning: counters: global stats config is missing. Stats enabled through legacy stats.log. See https://docs.suricata.io/en/suricata-7.0.10/configuration/suricata-yaml.html#stats
[1 - Suricata-Main] 2025-06-02 18:23:25 Info: logopenfile: eve-log output device (regular) initialized: /var/log/suricata/eve.json
[1 - Suricata-Main] 2025-06-02 18:23:25 Info: logopenfile: stats output device (regular) initialized: /var/log/suricata/stats.log
[1 - Suricata-Main] 2025-06-02 18:23:25 Error: detect-content: '\' has to be escaped
[1 - Suricata-Main] 2025-06-02 18:23:25 Error: detect: error parsing signature "alert tcp any any -> $HOME_NET 445 (msg:"[SECNET] SMB Enumeration Attempt";     flow:to_server,established;     content:"\x00\x00\x00\x00"; depth:4;     sid:1000003; rev:1; classtype:attempted-admin; priority:2;)" from file /etc/suricata/rules/local.rules at line 17
[1 - Suricata-Main] 2025-06-02 18:23:25 Error: detect-parse: rule 1000004 setup buffer dns_query but didn't add matches to it
[1 - Suricata-Main] 2025-06-02 18:23:25 Error: detect: error parsing signature "alert udp any any -> $HOME_NET 53 (msg:"[SECNET] High DNS Query Volume";     dns.query; threshold:type threshold, track by_src, count 50, seconds 60;     sid:1000004; rev:1; classtype:trojan-activity; priority:1;)" from file /etc/suricata/rules/local.rules at line 23
[1 - Suricata-Main] 2025-06-02 18:23:25 Error: detect-parse: unknown rule keyword 'tls.cipher_suite'.
[1 - Suricata-Main] 2025-06-02 18:23:25 Error: detect: error parsing signature "alert tls any any -> $HOME_NET any (msg:"[SECNET] SSL/TLS Cipher Suite Downgrade Attempt";     tls.cipher_suite:0x0000;     sid:1000005; rev:1; classtype:attempted-admin; priority:2;)" from file /etc/suricata/rules/local.rules at line 28
[1 - Suricata-Main] 2025-06-02 18:23:25 Info: detect: 1 rule files processed. 7 rules successfully loaded, 3 rules failed, 0
[1 - Suricata-Main] 2025-06-02 18:23:25 Info: threshold-config: Threshold config parsed: 0 rule(s) found
[1 - Suricata-Main] 2025-06-02 18:23:25 Info: detect: 7 signatures processed. 1 are IP-only rules, 0 are inspecting packet payload, 0 inspect application layer, 0 are decoder event only
[1 - Suricata-Main] 2025-06-02 18:23:25 Error: runmodes: The custom type "IDS" doesn't exist for this runmode type "AF_PACKET_DEV".  Please use --list-runmodes to see available custom types for this runmode
[1 - Suricata-Main] 2025-06-02 18:23:29 Notice: suricata: This is Suricata version 7.0.10 RELEASE running in SYSTEM mode
[1 - Suricata-Main] 2025-06-02 18:23:29 Info: cpu: CPUs/cores online: 4
[1 - Suricata-Main] 2025-06-02 18:23:29 Info: suricata: Setting engine mode to IDS mode by default
[1 - Suricata-Main] 2025-06-02 18:23:29 Info: app-layer-ftp: Parsed disabled for ftp protocol. Protocol detectionstill on.
[1 - Suricata-Main] 2025-06-02 18:23:29 Info: app-layer-smtp: Protocol detection and parser disabled for smtp protocol.
[1 - Suricata-Main] 2025-06-02 18:23:29 Info: suricata: No 'host-mode': suricata is in IDS mode, using default setting 'sniffer-only'
[1 - Suricata-Main] 2025-06-02 18:23:29 Warning: counters: global stats config is missing. Stats enabled through legacy stats.log. See https://docs.suricata.io/en/suricata-7.0.10/configuration/suricata-yaml.html#stats
[1 - Suricata-Main] 2025-06-02 18:23:29 Info: logopenfile: eve-log output device (regular) initialized: /var/log/suricata/eve.json
[1 - Suricata-Main] 2025-06-02 18:23:29 Info: logopenfile: stats output device (regular) initialized: /var/log/suricata/stats.log
[1 - Suricata-Main] 2025-06-02 18:23:29 Error: detect-content: '\' has to be escaped
[1 - Suricata-Main] 2025-06-02 18:23:29 Error: detect: error parsing signature "alert tcp any any -> $HOME_NET 445 (msg:"[SECNET] SMB Enumeration Attempt";     flow:to_server,established;     content:"\x00\x00\x00\x00"; depth:4;     sid:1000003; rev:1; classtype:attempted-admin; priority:2;)" from file /etc/suricata/rules/local.rules at line 17
[1 - Suricata-Main] 2025-06-02 18:23:29 Error: detect-parse: rule 1000004 setup buffer dns_query but didn't add matches to it
[1 - Suricata-Main] 2025-06-02 18:23:29 Error: detect: error parsing signature "alert udp any any -> $HOME_NET 53 (msg:"[SECNET] High DNS Query Volume";     dns.query; threshold:type threshold, track by_src, count 50, seconds 60;     sid:1000004; rev:1; classtype:trojan-activity; priority:1;)" from file /etc/suricata/rules/local.rules at line 23
[1 - Suricata-Main] 2025-06-02 18:23:29 Error: detect-parse: unknown rule keyword 'tls.cipher_suite'.
[1 - Suricata-Main] 2025-06-02 18:23:29 Error: detect: error parsing signature "alert tls any any -> $HOME_NET any (msg:"[SECNET] SSL/TLS Cipher Suite Downgrade Attempt";     tls.cipher_suite:0x0000;     sid:1000005; rev:1; classtype:attempted-admin; priority:2;)" from file /etc/suricata/rules/local.rules at line 28
[1 - Suricata-Main] 2025-06-02 18:23:29 Info: detect: 1 rule files processed. 7 rules successfully loaded, 3 rules failed, 0
[1 - Suricata-Main] 2025-06-02 18:23:29 Info: threshold-config: Threshold config parsed: 0 rule(s) found
[1 - Suricata-Main] 2025-06-02 18:23:29 Info: detect: 7 signatures processed. 1 are IP-only rules, 0 are inspecting packet payload, 0 inspect application layer, 0 are decoder event only
[1 - Suricata-Main] 2025-06-02 18:23:29 Error: runmodes: The custom type "IDS" doesn't exist for this runmode type "AF_PACKET_DEV".  Please use --list-runmodes to see available custom types for this runmode
[1 - Suricata-Main] 2025-06-02 18:23:36 Notice: suricata: This is Suricata version 7.0.10 RELEASE running in SYSTEM mode
[1 - Suricata-Main] 2025-06-02 18:23:36 Info: cpu: CPUs/cores online: 4
[1 - Suricata-Main] 2025-06-02 18:23:36 Info: suricata: Setting engine mode to IDS mode by default
[1 - Suricata-Main] 2025-06-02 18:23:36 Info: app-layer-ftp: Parsed disabled for ftp protocol. Protocol detectionstill on.
[1 - Suricata-Main] 2025-06-02 18:23:36 Info: app-layer-smtp: Protocol detection and parser disabled for smtp protocol.
[1 - Suricata-Main] 2025-06-02 18:23:36 Info: suricata: No 'host-mode': suricata is in IDS mode, using default setting 'sniffer-only'
[1 - Suricata-Main] 2025-06-02 18:23:36 Warning: counters: global stats config is missing. Stats enabled through legacy stats.log. See https://docs.suricata.io/en/suricata-7.0.10/configuration/suricata-yaml.html#stats
[1 - Suricata-Main] 2025-06-02 18:23:36 Info: logopenfile: eve-log output device (regular) initialized: /var/log/suricata/eve.json
[1 - Suricata-Main] 2025-06-02 18:23:36 Info: logopenfile: stats output device (regular) initialized: /var/log/suricata/stats.log
[1 - Suricata-Main] 2025-06-02 18:23:36 Error: detect-content: '\' has to be escaped
[1 - Suricata-Main] 2025-06-02 18:23:36 Error: detect: error parsing signature "alert tcp any any -> $HOME_NET 445 (msg:"[SECNET] SMB Enumeration Attempt";     flow:to_server,established;     content:"\x00\x00\x00\x00"; depth:4;     sid:1000003; rev:1; classtype:attempted-admin; priority:2;)" from file /etc/suricata/rules/local.rules at line 17
[1 - Suricata-Main] 2025-06-02 18:23:36 Error: detect-parse: rule 1000004 setup buffer dns_query but didn't add matches to it
[1 - Suricata-Main] 2025-06-02 18:23:36 Error: detect: error parsing signature "alert udp any any -> $HOME_NET 53 (msg:"[SECNET] High DNS Query Volume";     dns.query; threshold:type threshold, track by_src, count 50, seconds 60;     sid:1000004; rev:1; classtype:trojan-activity; priority:1;)" from file /etc/suricata/rules/local.rules at line 23
[1 - Suricata-Main] 2025-06-02 18:23:36 Error: detect-parse: unknown rule keyword 'tls.cipher_suite'.
[1 - Suricata-Main] 2025-06-02 18:23:36 Error: detect: error parsing signature "alert tls any any -> $HOME_NET any (msg:"[SECNET] SSL/TLS Cipher Suite Downgrade Attempt";     tls.cipher_suite:0x0000;     sid:1000005; rev:1; classtype:attempted-admin; priority:2;)" from file /etc/suricata/rules/local.rules at line 28
[1 - Suricata-Main] 2025-06-02 18:23:36 Info: detect: 1 rule files processed. 7 rules successfully loaded, 3 rules failed, 0
[1 - Suricata-Main] 2025-06-02 18:23:36 Info: threshold-config: Threshold config parsed: 0 rule(s) found
[1 - Suricata-Main] 2025-06-02 18:23:36 Info: detect: 7 signatures processed. 1 are IP-only rules, 0 are inspecting packet payload, 0 inspect application layer, 0 are decoder event only
[1 - Suricata-Main] 2025-06-02 18:23:36 Error: runmodes: The custom type "IDS" doesn't exist for this runmode type "AF_PACKET_DEV".  Please use --list-runmodes to see available custom types for this runmode
[1 - Suricata-Main] 2025-06-02 18:23:49 Notice: suricata: This is Suricata version 7.0.10 RELEASE running in SYSTEM mode
[1 - Suricata-Main] 2025-06-02 18:23:49 Info: cpu: CPUs/cores online: 4
[1 - Suricata-Main] 2025-06-02 18:23:49 Info: suricata: Setting engine mode to IDS mode by default
[1 - Suricata-Main] 2025-06-02 18:23:49 Info: app-layer-ftp: Parsed disabled for ftp protocol. Protocol detectionstill on.
[1 - Suricata-Main] 2025-06-02 18:23:49 Info: app-layer-smtp: Protocol detection and parser disabled for smtp protocol.
[1 - Suricata-Main] 2025-06-02 18:23:49 Info: suricata: No 'host-mode': suricata is in IDS mode, using default setting 'sniffer-only'
[1 - Suricata-Main] 2025-06-02 18:23:49 Warning: counters: global stats config is missing. Stats enabled through legacy stats.log. See https://docs.suricata.io/en/suricata-7.0.10/configuration/suricata-yaml.html#stats
[1 - Suricata-Main] 2025-06-02 18:23:49 Info: logopenfile: eve-log output device (regular) initialized: /var/log/suricata/eve.json
[1 - Suricata-Main] 2025-06-02 18:23:49 Info: logopenfile: stats output device (regular) initialized: /var/log/suricata/stats.log
[1 - Suricata-Main] 2025-06-02 18:23:49 Error: detect-content: '\' has to be escaped
[1 - Suricata-Main] 2025-06-02 18:23:49 Error: detect: error parsing signature "alert tcp any any -> $HOME_NET 445 (msg:"[SECNET] SMB Enumeration Attempt";     flow:to_server,established;     content:"\x00\x00\x00\x00"; depth:4;     sid:1000003; rev:1; classtype:attempted-admin; priority:2;)" from file /etc/suricata/rules/local.rules at line 17
[1 - Suricata-Main] 2025-06-02 18:23:49 Error: detect-parse: rule 1000004 setup buffer dns_query but didn't add matches to it
[1 - Suricata-Main] 2025-06-02 18:23:49 Error: detect: error parsing signature "alert udp any any -> $HOME_NET 53 (msg:"[SECNET] High DNS Query Volume";     dns.query; threshold:type threshold, track by_src, count 50, seconds 60;     sid:1000004; rev:1; classtype:trojan-activity; priority:1;)" from file /etc/suricata/rules/local.rules at line 23
[1 - Suricata-Main] 2025-06-02 18:23:49 Error: detect-parse: unknown rule keyword 'tls.cipher_suite'.
[1 - Suricata-Main] 2025-06-02 18:23:49 Error: detect: error parsing signature "alert tls any any -> $HOME_NET any (msg:"[SECNET] SSL/TLS Cipher Suite Downgrade Attempt";     tls.cipher_suite:0x0000;     sid:1000005; rev:1; classtype:attempted-admin; priority:2;)" from file /etc/suricata/rules/local.rules at line 28
[1 - Suricata-Main] 2025-06-02 18:23:49 Info: detect: 1 rule files processed. 7 rules successfully loaded, 3 rules failed, 0
[1 - Suricata-Main] 2025-06-02 18:23:49 Info: threshold-config: Threshold config parsed: 0 rule(s) found
[1 - Suricata-Main] 2025-06-02 18:23:49 Info: detect: 7 signatures processed. 1 are IP-only rules, 0 are inspecting packet payload, 0 inspect application layer, 0 are decoder event only
[1 - Suricata-Main] 2025-06-02 18:23:49 Error: runmodes: The custom type "IDS" doesn't exist for this runmode type "AF_PACKET_DEV".  Please use --list-runmodes to see available custom types for this runmode
[1 - Suricata-Main] 2025-06-02 18:24:15 Notice: suricata: This is Suricata version 7.0.10 RELEASE running in SYSTEM mode
[1 - Suricata-Main] 2025-06-02 18:24:15 Info: cpu: CPUs/cores online: 4
[1 - Suricata-Main] 2025-06-02 18:24:15 Info: suricata: Setting engine mode to IDS mode by default
[1 - Suricata-Main] 2025-06-02 18:24:15 Info: app-layer-ftp: Parsed disabled for ftp protocol. Protocol detectionstill on.
[1 - Suricata-Main] 2025-06-02 18:24:15 Info: app-layer-smtp: Protocol detection and parser disabled for smtp protocol.
[1 - Suricata-Main] 2025-06-02 18:24:15 Info: suricata: No 'host-mode': suricata is in IDS mode, using default setting 'sniffer-only'
[1 - Suricata-Main] 2025-06-02 18:24:15 Warning: counters: global stats config is missing. Stats enabled through legacy stats.log. See https://docs.suricata.io/en/suricata-7.0.10/configuration/suricata-yaml.html#stats
[1 - Suricata-Main] 2025-06-02 18:24:15 Info: logopenfile: eve-log output device (regular) initialized: /var/log/suricata/eve.json
[1 - Suricata-Main] 2025-06-02 18:24:15 Info: logopenfile: stats output device (regular) initialized: /var/log/suricata/stats.log
[1 - Suricata-Main] 2025-06-02 18:24:15 Error: detect-content: '\' has to be escaped
[1 - Suricata-Main] 2025-06-02 18:24:15 Error: detect: error parsing signature "alert tcp any any -> $HOME_NET 445 (msg:"[SECNET] SMB Enumeration Attempt";     flow:to_server,established;     content:"\x00\x00\x00\x00"; depth:4;     sid:1000003; rev:1; classtype:attempted-admin; priority:2;)" from file /etc/suricata/rules/local.rules at line 17
[1 - Suricata-Main] 2025-06-02 18:24:15 Error: detect-parse: rule 1000004 setup buffer dns_query but didn't add matches to it
[1 - Suricata-Main] 2025-06-02 18:24:15 Error: detect: error parsing signature "alert udp any any -> $HOME_NET 53 (msg:"[SECNET] High DNS Query Volume";     dns.query; threshold:type threshold, track by_src, count 50, seconds 60;     sid:1000004; rev:1; classtype:trojan-activity; priority:1;)" from file /etc/suricata/rules/local.rules at line 23
[1 - Suricata-Main] 2025-06-02 18:24:15 Error: detect-parse: unknown rule keyword 'tls.cipher_suite'.
[1 - Suricata-Main] 2025-06-02 18:24:15 Error: detect: error parsing signature "alert tls any any -> $HOME_NET any (msg:"[SECNET] SSL/TLS Cipher Suite Downgrade Attempt";     tls.cipher_suite:0x0000;     sid:1000005; rev:1; classtype:attempted-admin; priority:2;)" from file /etc/suricata/rules/local.rules at line 28
[1 - Suricata-Main] 2025-06-02 18:24:15 Info: detect: 1 rule files processed. 7 rules successfully loaded, 3 rules failed, 0
[1 - Suricata-Main] 2025-06-02 18:24:15 Info: threshold-config: Threshold config parsed: 0 rule(s) found
[1 - Suricata-Main] 2025-06-02 18:24:15 Info: detect: 7 signatures processed. 1 are IP-only rules, 0 are inspecting packet payload, 0 inspect application layer, 0 are decoder event only
[1 - Suricata-Main] 2025-06-02 18:24:15 Warning: af-packet: eth0: tpacket v3 is only implemented for 'workers' runmode. Switching to tpacket v2.
[1 - Suricata-Main] 2025-06-02 18:24:15 Error: conf: malformed integer value for buffer-size with base 0: '1gb'
[1 - Suricata-Main] 2025-06-02 18:24:15 Warning: af-packet: eth0: AF_PACKET tpacket-v3 is recommended for non-inline operation
[1 - Suricata-Main] 2025-06-02 18:24:15 Info: runmodes: Going to use 4 ReceiveAFP receive thread(s)
[1 - Suricata-Main] 2025-06-02 18:24:43 Notice: threads: Threads created -> RX: 4 W: 4 FM: 1 FR: 1   Engine started.
[1 - Suricata-Main] 2025-06-02 18:25:10 Notice: suricata: Signal Received.  Stopping engine.
[1 - Suricata-Main] 2025-06-02 18:25:11 Info: suricata: time elapsed 55.704s
[1 - Suricata-Main] 2025-06-02 18:25:12 Info: counters: Alerts: 0
[1 - Suricata-Main] 2025-06-02 18:25:13 Notice: device: eth0: packets: 1526, drops: 0 (0.00%), invalid chksum: 0
[1 - Suricata-Main] 2025-06-02 18:25:15 Notice: suricata: This is Suricata version 7.0.10 RELEASE running in SYSTEM mode
[1 - Suricata-Main] 2025-06-02 18:25:15 Info: cpu: CPUs/cores online: 4
[1 - Suricata-Main] 2025-06-02 18:25:15 Info: suricata: Setting engine mode to IDS mode by default
[1 - Suricata-Main] 2025-06-02 18:25:15 Info: app-layer-ftp: Parsed disabled for ftp protocol. Protocol detectionstill on.
[1 - Suricata-Main] 2025-06-02 18:25:15 Info: app-layer-smtp: Protocol detection and parser disabled for smtp protocol.
[1 - Suricata-Main] 2025-06-02 18:25:15 Info: suricata: No 'host-mode': suricata is in IDS mode, using default setting 'sniffer-only'
[1 - Suricata-Main] 2025-06-02 18:25:15 Warning: counters: global stats config is missing. Stats enabled through legacy stats.log. See https://docs.suricata.io/en/suricata-7.0.10/configuration/suricata-yaml.html#stats
[1 - Suricata-Main] 2025-06-02 18:25:15 Info: logopenfile: eve-log output device (regular) initialized: /var/log/suricata/eve.json
[1 - Suricata-Main] 2025-06-02 18:25:15 Info: logopenfile: stats output device (regular) initialized: /var/log/suricata/stats.log
[1 - Suricata-Main] 2025-06-02 18:25:15 Error: detect-parse: rule 1000004 setup buffer dns_query but didn't add matches to it
[1 - Suricata-Main] 2025-06-02 18:25:15 Error: detect: error parsing signature "alert udp any any -> $HOME_NET 53 (msg:"[SECNET] High DNS Query Volume";     dns.query;     detection_filter: track by_src, count 50, seconds 60;     sid:1000004; rev:1; classtype:trojan-activity; priority:1;)" from file /etc/suricata/rules/local.rules at line 23
[1 - Suricata-Main] 2025-06-02 18:25:15 Error: detect-parse: unknown rule keyword 'tls.handshake'.
[1 - Suricata-Main] 2025-06-02 18:25:15 Error: detect: error parsing signature "alert tcp any any -> $HOME_NET 443 (msg:"[SECNET] Suspicious SSL/TLS Handshake";     flow:to_server,established;     tls.handshake;     content: "|16 03 01|"; depth: 3; offset: 0;     sid:1000005; rev:1; classtype:attempted-admin; priority:2;)" from file /etc/suricata/rules/local.rules at line 29
[1 - Suricata-Main] 2025-06-02 18:25:15 Info: detect: 1 rule files processed. 8 rules successfully loaded, 2 rules failed, 0
[1 - Suricata-Main] 2025-06-02 18:25:15 Info: threshold-config: Threshold config parsed: 0 rule(s) found
[1 - Suricata-Main] 2025-06-02 18:25:15 Info: detect: 8 signatures processed. 1 are IP-only rules, 1 are inspecting packet payload, 0 inspect application layer, 0 are decoder event only
[1 - Suricata-Main] 2025-06-02 18:25:15 Warning: af-packet: eth0: tpacket v3 is only implemented for 'workers' runmode. Switching to tpacket v2.
[1 - Suricata-Main] 2025-06-02 18:25:15 Error: conf: malformed integer value for buffer-size with base 0: '1gb'
[1 - Suricata-Main] 2025-06-02 18:25:15 Warning: af-packet: eth0: AF_PACKET tpacket-v3 is recommended for non-inline operation
[1 - Suricata-Main] 2025-06-02 18:25:15 Info: runmodes: Going to use 4 ReceiveAFP receive thread(s)
[1 - Suricata-Main] 2025-06-02 18:25:16 Notice: threads: Threads created -> RX: 4 W: 4 FM: 1 FR: 1   Engine started.
[1 - Suricata-Main] 2025-06-02 18:27:07 Notice: suricata: Signal Received.  Stopping engine.
[1 - Suricata-Main] 2025-06-02 18:27:08 Info: suricata: time elapsed 112.790s
[1 - Suricata-Main] 2025-06-02 18:27:09 Info: counters: Alerts: 0
[1 - Suricata-Main] 2025-06-02 18:27:09 Notice: device: eth0: packets: 6513, drops: 0 (0.00%), invalid chksum: 0
[1 - Suricata-Main] 2025-06-02 18:27:11 Notice: suricata: This is Suricata version 7.0.10 RELEASE running in SYSTEM mode
[1 - Suricata-Main] 2025-06-02 18:27:11 Info: cpu: CPUs/cores online: 4
[1 - Suricata-Main] 2025-06-02 18:27:11 Info: suricata: Setting engine mode to IDS mode by default
[1 - Suricata-Main] 2025-06-02 18:27:11 Info: app-layer-ftp: Parsed disabled for ftp protocol. Protocol detectionstill on.
[1 - Suricata-Main] 2025-06-02 18:27:11 Info: app-layer-smtp: Protocol detection and parser disabled for smtp protocol.
[1 - Suricata-Main] 2025-06-02 18:27:11 Info: suricata: No 'host-mode': suricata is in IDS mode, using default setting 'sniffer-only'
[1 - Suricata-Main] 2025-06-02 18:27:11 Warning: counters: global stats config is missing. Stats enabled through legacy stats.log. See https://docs.suricata.io/en/suricata-7.0.10/configuration/suricata-yaml.html#stats
[1 - Suricata-Main] 2025-06-02 18:27:11 Info: logopenfile: eve-log output device (regular) initialized: /var/log/suricata/eve.json
[1 - Suricata-Main] 2025-06-02 18:27:11 Info: logopenfile: stats output device (regular) initialized: /var/log/suricata/stats.log
[1 - Suricata-Main] 2025-06-02 18:27:11 Error: detect-parse: rule 1000004 setup buffer dns_query but didn't add matches to it
[1 - Suricata-Main] 2025-06-02 18:27:11 Error: detect: error parsing signature "alert udp any any -> $HOME_NET 53 (msg:"[SECNET] High DNS Query Volume";     dns.query;     detection_filter: track by_src, count 50, seconds 60;     sid:1000004; rev:1; classtype:trojan-activity; priority:1;)" from file /etc/suricata/rules/local.rules at line 23
[1 - Suricata-Main] 2025-06-02 18:27:11 Info: detect: 1 rule files processed. 9 rules successfully loaded, 1 rules failed, 0
[1 - Suricata-Main] 2025-06-02 18:27:11 Info: threshold-config: Threshold config parsed: 0 rule(s) found
[1 - Suricata-Main] 2025-06-02 18:27:11 Info: detect: 9 signatures processed. 1 are IP-only rules, 2 are inspecting packet payload, 0 inspect application layer, 0 are decoder event only
[1 - Suricata-Main] 2025-06-02 18:27:11 Warning: af-packet: eth0: AF_PACKET tpacket-v3 is recommended for non-inline operation
[1 - Suricata-Main] 2025-06-02 18:27:11 Info: runmodes: Going to use 4 ReceiveAFP receive thread(s)
[1 - Suricata-Main] 2025-06-02 18:27:12 Notice: threads: Threads created -> RX: 4 W: 4 FM: 1 FR: 1   Engine started.
[1 - Suricata-Main] 2025-06-02 18:29:20 Notice: suricata: Signal Received.  Stopping engine.
[1 - Suricata-Main] 2025-06-02 18:29:21 Info: suricata: time elapsed 129.661s
[1 - Suricata-Main] 2025-06-02 18:29:22 Info: counters: Alerts: 0
[1 - Suricata-Main] 2025-06-02 18:29:22 Notice: device: eth0: packets: 4620, drops: 0 (0.00%), invalid chksum: 0
[1 - Suricata-Main] 2025-06-02 18:29:22 Notice: suricata: This is Suricata version 7.0.10 RELEASE running in SYSTEM mode
[1 - Suricata-Main] 2025-06-02 18:29:22 Info: cpu: CPUs/cores online: 4
[1 - Suricata-Main] 2025-06-02 18:29:22 Info: suricata: Setting engine mode to IDS mode by default
[1 - Suricata-Main] 2025-06-02 18:29:23 Info: app-layer-ftp: Parsed disabled for ftp protocol. Protocol detectionstill on.
[1 - Suricata-Main] 2025-06-02 18:29:23 Info: app-layer-smtp: Protocol detection and parser disabled for smtp protocol.
[1 - Suricata-Main] 2025-06-02 18:29:23 Info: suricata: No 'host-mode': suricata is in IDS mode, using default setting 'sniffer-only'
[1 - Suricata-Main] 2025-06-02 18:29:23 Warning: counters: global stats config is missing. Stats enabled through legacy stats.log. See https://docs.suricata.io/en/suricata-7.0.10/configuration/suricata-yaml.html#stats
[1 - Suricata-Main] 2025-06-02 18:29:23 Info: logopenfile: eve-log output device (regular) initialized: /var/log/suricata/eve.json
[1 - Suricata-Main] 2025-06-02 18:29:23 Info: logopenfile: stats output device (regular) initialized: /var/log/suricata/stats.log
[1 - Suricata-Main] 2025-06-02 18:29:23 Info: detect: 1 rule files processed. 10 rules successfully loaded, 0 rules failed, 0
[1 - Suricata-Main] 2025-06-02 18:29:23 Info: threshold-config: Threshold config parsed: 0 rule(s) found
[1 - Suricata-Main] 2025-06-02 18:29:23 Info: detect: 10 signatures processed. 1 are IP-only rules, 3 are inspecting packet payload, 0 inspect application layer, 0 are decoder event only
[1 - Suricata-Main] 2025-06-02 18:29:23 Warning: af-packet: eth0: AF_PACKET tpacket-v3 is recommended for non-inline operation
[1 - Suricata-Main] 2025-06-02 18:29:23 Info: runmodes: Going to use 4 ReceiveAFP receive thread(s)
[1 - Suricata-Main] 2025-06-02 18:29:23 Notice: threads: Threads created -> RX: 4 W: 4 FM: 1 FR: 1   Engine started.
[1 - Suricata-Main] 2025-06-02 18:34:23 Notice: suricata: Signal Received.  Stopping engine.
[1 - Suricata-Main] 2025-06-02 18:34:24 Info: suricata: time elapsed 301.352s
[1 - Suricata-Main] 2025-06-02 18:34:29 Info: counters: Alerts: 0
[1 - Suricata-Main] 2025-06-02 18:41:37 Notice: suricata: This is Suricata version 7.0.10 RELEASE running in SYSTEM mode
[1 - Suricata-Main] 2025-06-02 18:41:37 Info: cpu: CPUs/cores online: 4
[1 - Suricata-Main] 2025-06-02 18:41:37 Info: suricata: Setting engine mode to IDS mode by default
[1 - Suricata-Main] 2025-06-02 18:41:37 Info: app-layer-ftp: Parsed disabled for ftp protocol. Protocol detectionstill on.
[1 - Suricata-Main] 2025-06-02 18:41:37 Info: app-layer-smtp: Protocol detection and parser disabled for smtp protocol.
[1 - Suricata-Main] 2025-06-02 18:41:37 Info: suricata: No 'host-mode': suricata is in IDS mode, using default setting 'sniffer-only'
[1 - Suricata-Main] 2025-06-02 18:41:37 Warning: counters: global stats config is missing. Stats enabled through legacy stats.log. See https://docs.suricata.io/en/suricata-7.0.10/configuration/suricata-yaml.html#stats
[1 - Suricata-Main] 2025-06-02 18:41:37 Info: logopenfile: eve-log output device (regular) initialized: /var/log/suricata/eve.json
[1 - Suricata-Main] 2025-06-02 18:41:37 Info: logopenfile: stats output device (regular) initialized: /var/log/suricata/stats.log
[1 - Suricata-Main] 2025-06-02 18:41:37 Info: detect: 1 rule files processed. 10 rules successfully loaded, 0 rules failed, 0
[1 - Suricata-Main] 2025-06-02 18:41:37 Info: threshold-config: Threshold config parsed: 0 rule(s) found
[1 - Suricata-Main] 2025-06-02 18:41:37 Info: detect: 10 signatures processed. 1 are IP-only rules, 3 are inspecting packet payload, 0 inspect application layer, 0 are decoder event only
[1 - Suricata-Main] 2025-06-02 18:41:37 Warning: af-packet: eth0: AF_PACKET tpacket-v3 is recommended for non-inline operation
[1 - Suricata-Main] 2025-06-02 18:41:37 Info: runmodes: Going to use 4 ReceiveAFP receive thread(s)
[1 - Suricata-Main] 2025-06-02 18:42:23 Notice: threads: Threads created -> RX: 4 W: 4 FM: 1 FR: 1   Engine started.
[1 - Suricata-Main] 2025-06-02 18:44:08 Notice: suricata: Signal Received.  Stopping engine.
[1 - Suricata-Main] 2025-06-02 18:44:09 Info: suricata: time elapsed 151.297s
[1 - Suricata-Main] 2025-06-02 18:44:11 Info: counters: Alerts: 0
[1 - Suricata-Main] 2025-06-02 18:44:12 Notice: device: eth0: packets: 6757, drops: 0 (0.00%), invalid chksum: 0
[1 - Suricata-Main] 2025-06-02 18:56:34 Notice: suricata: This is Suricata version 7.0.10 RELEASE running in SYSTEM mode
[1 - Suricata-Main] 2025-06-02 18:56:34 Info: cpu: CPUs/cores online: 4
[1 - Suricata-Main] 2025-06-02 18:56:34 Info: suricata: Setting engine mode to IDS mode by default
[1 - Suricata-Main] 2025-06-02 18:56:35 Info: app-layer-ftp: Parsed disabled for ftp protocol. Protocol detectionstill on.
[1 - Suricata-Main] 2025-06-02 18:56:35 Info: app-layer-smtp: Protocol detection and parser disabled for smtp protocol.
[1 - Suricata-Main] 2025-06-02 18:56:35 Info: suricata: No 'host-mode': suricata is in IDS mode, using default setting 'sniffer-only'
[1 - Suricata-Main] 2025-06-02 18:56:35 Warning: counters: global stats config is missing. Stats enabled through legacy stats.log. See https://docs.suricata.io/en/suricata-7.0.10/configuration/suricata-yaml.html#stats
[1 - Suricata-Main] 2025-06-02 18:56:35 Info: logopenfile: eve-log output device (regular) initialized: /var/log/suricata/eve.json
[1 - Suricata-Main] 2025-06-02 18:56:35 Info: logopenfile: stats output device (regular) initialized: /var/log/suricata/stats.log
[1 - Suricata-Main] 2025-06-02 18:56:35 Info: detect: 1 rule files processed. 10 rules successfully loaded, 0 rules failed, 0
[1 - Suricata-Main] 2025-06-02 18:56:35 Info: threshold-config: Threshold config parsed: 0 rule(s) found
[1 - Suricata-Main] 2025-06-02 18:56:35 Info: detect: 10 signatures processed. 1 are IP-only rules, 3 are inspecting packet payload, 0 inspect application layer, 0 are decoder event only
[1 - Suricata-Main] 2025-06-02 18:56:35 Warning: af-packet: eth0: AF_PACKET tpacket-v3 is recommended for non-inline operation
[1 - Suricata-Main] 2025-06-02 18:56:35 Info: runmodes: Going to use 4 ReceiveAFP receive thread(s)
[1 - Suricata-Main] 2025-06-02 18:57:31 Notice: threads: Threads created -> RX: 4 W: 4 FM: 1 FR: 1   Engine started.
[1 - Suricata-Main] 2025-06-02 19:00:38 Notice: suricata: Signal Received.  Stopping engine.
[1 - Suricata-Main] 2025-06-02 19:00:39 Info: suricata: time elapsed 243.802s
[1 - Suricata-Main] 2025-06-02 19:00:41 Info: counters: Alerts: 0
[1 - Suricata-Main] 2025-06-02 19:00:42 Notice: device: eth0: packets: 66995, drops: 0 (0.00%), invalid chksum: 0
[1 - Suricata-Main] 2025-06-02 19:04:39 Notice: suricata: This is Suricata version 7.0.10 RELEASE running in SYSTEM mode
[1 - Suricata-Main] 2025-06-02 19:04:39 Info: cpu: CPUs/cores online: 4
[1 - Suricata-Main] 2025-06-02 19:04:39 Info: suricata: Setting engine mode to IDS mode by default
[1 - Suricata-Main] 2025-06-02 19:04:39 Info: app-layer-ftp: Parsed disabled for ftp protocol. Protocol detectionstill on.
[1 - Suricata-Main] 2025-06-02 19:04:39 Info: app-layer-smtp: Protocol detection and parser disabled for smtp protocol.
[1 - Suricata-Main] 2025-06-02 19:04:40 Info: suricata: No 'host-mode': suricata is in IDS mode, using default setting 'sniffer-only'
[1 - Suricata-Main] 2025-06-02 19:04:40 Warning: counters: global stats config is missing. Stats enabled through legacy stats.log. See https://docs.suricata.io/en/suricata-7.0.10/configuration/suricata-yaml.html#stats
[1 - Suricata-Main] 2025-06-02 19:04:40 Info: logopenfile: eve-log output device (regular) initialized: /var/log/suricata/eve.json
[1 - Suricata-Main] 2025-06-02 19:04:40 Info: logopenfile: stats output device (regular) initialized: /var/log/suricata/stats.log
[1 - Suricata-Main] 2025-06-02 19:04:40 Error: detect-content: '\' has to be escaped
[1 - Suricata-Main] 2025-06-02 19:04:40 Error: detect: error parsing signature "alert tcp any any -> $HOME_NET 445 (msg:"[SECNET] SMB Enumeration Attempt";     flow:to_server,established;     content:"\x00\x00\x00\x00"; depth:4;     detection_filter: track by_src, count 1, seconds 1800;     sid:1000003; rev:2; classtype:attempted-admin; priority:2;)" from file /etc/suricata/rules/local.rules at line 17
[1 - Suricata-Main] 2025-06-02 19:04:40 Error: detect-parse: rule 1000004 setup buffer dns_query but didn't add matches to it
[1 - Suricata-Main] 2025-06-02 19:04:40 Error: detect: error parsing signature "alert udp any any -> $HOME_NET 53 (msg:"[SECNET] High DNS Query Volume";     dns.query; threshold:type threshold, track by_src, count 50, seconds 60;     sid:1000004; rev:1; classtype:trojan-activity; priority:1;)" from file /etc/suricata/rules/local.rules at line 24
[1 - Suricata-Main] 2025-06-02 19:04:40 Error: detect-parse: unknown rule keyword 'tls.cipher_suite'.
[1 - Suricata-Main] 2025-06-02 19:04:40 Error: detect: error parsing signature "alert tls any any -> $HOME_NET any (msg:"[SECNET] SSL/TLS Cipher Suite Downgrade Attempt";     tls.cipher_suite:0x0000;     detection_filter: track by_src, count 1, seconds 3600;     sid:1000005; rev:2; classtype:attempted-admin; priority:2;)" from file /etc/suricata/rules/local.rules at line 29
[1 - Suricata-Main] 2025-06-02 19:04:40 Info: detect: 1 rule files processed. 7 rules successfully loaded, 3 rules failed, 0
[1 - Suricata-Main] 2025-06-02 19:04:40 Info: threshold-config: Threshold config parsed: 0 rule(s) found
[1 - Suricata-Main] 2025-06-02 19:04:40 Info: detect: 7 signatures processed. 1 are IP-only rules, 0 are inspecting packet payload, 0 inspect application layer, 0 are decoder event only
[1 - Suricata-Main] 2025-06-02 19:04:40 Warning: af-packet: eth0: AF_PACKET tpacket-v3 is recommended for non-inline operation
[1 - Suricata-Main] 2025-06-02 19:04:40 Info: runmodes: Going to use 4 ReceiveAFP receive thread(s)
[1 - Suricata-Main] 2025-06-02 19:04:46 Notice: threads: Threads created -> RX: 4 W: 4 FM: 1 FR: 1   Engine started.
[1 - Suricata-Main] 2025-06-02 19:07:31 Notice: suricata: Signal Received.  Stopping engine.
[1 - Suricata-Main] 2025-06-02 19:07:31 Info: suricata: time elapsed 171.721s
[1 - Suricata-Main] 2025-06-02 19:07:33 Info: counters: Alerts: 1
[1 - Suricata-Main] 2025-06-02 19:07:33 Notice: device: eth0: packets: 201, drops: 0 (0.00%), invalid chksum: 0
